<?xml version="1.0" encoding="UTF-8"?>
<testsuite xmlns:xsi="http://www.w3.org/2001/XMLSchema-instance" xsi:noNamespaceSchemaLocation="https://maven.apache.org/surefire/maven-surefire-plugin/xsd/surefire-test-report.xsd" name="com.mycompany.app.AppTest" time="0.041" tests="1" errors="0" skipped="0" failures="0">
  <properties>
    <property name="java.specification.version" value="17"/>
    <property name="sun.cpu.isalist" value="amd64"/>
    <property name="sun.jnu.encoding" value="Cp1252"/>
    <property name="java.class.path" value="E:\aymen\fcit\Formations\Mougins\github\mougins_2024\lab-maven\my-app\target\test-classes;E:\aymen\fcit\Formations\Mougins\github\mougins_2024\lab-maven\my-app\target\classes;C:\Users\manager\.m2\repository\junit\junit\4.11\junit-4.11.jar;C:\Users\manager\.m2\repository\org\hamcrest\hamcrest-core\1.3\hamcrest-core-1.3.jar;"/>
    <property name="java.vm.vendor" value="Oracle Corporation"/>
    <property name="sun.arch.data.model" value="64"/>
    <property name="user.variant" value=""/>
    <property name="java.vendor.url" value="https://java.oracle.com/"/>
    <property name="user.timezone" value="Europe/Paris"/>
    <property name="os.name" value="Windows 11"/>
    <property name="java.vm.specification.version" value="17"/>
    <property name="sun.java.launcher" value="SUN_STANDARD"/>
    <property name="user.country" value="FR"/>
    <property name="sun.boot.library.path" value="C:\Program Files\Java\jdk-17.0.9\bin"/>
    <property name="sun.java.command" value="C:\Users\manager\AppData\Local\Temp\surefire13949854216522962763\surefirebooter5925089220533914226.jar C:\Users\manager\AppData\Local\Temp\surefire13949854216522962763 2024-06-10T12-53-20_311-jvmRun1 surefire13222601588250134027tmp surefire_014062235416498918724tmp"/>
    <property name="jdk.debug" value="release"/>
    <property name="surefire.test.class.path" value="E:\aymen\fcit\Formations\Mougins\github\mougins_2024\lab-maven\my-app\target\test-classes;E:\aymen\fcit\Formations\Mougins\github\mougins_2024\lab-maven\my-app\target\classes;C:\Users\manager\.m2\repository\junit\junit\4.11\junit-4.11.jar;C:\Users\manager\.m2\repository\org\hamcrest\hamcrest-core\1.3\hamcrest-core-1.3.jar;"/>
    <property name="sun.cpu.endian" value="little"/>
    <property name="user.home" value="C:\Users\manager"/>
    <property name="user.language" value="fr"/>
    <property name="java.specification.vendor" value="Oracle Corporation"/>
    <property name="java.version.date" value="2023-10-17"/>
    <property name="java.home" value="C:\Program Files\Java\jdk-17.0.9"/>
    <property name="file.separator" value="\"/>
    <property name="basedir" value="E:\aymen\fcit\Formations\Mougins\github\mougins_2024\lab-maven\my-app"/>
    <property name="java.vm.compressedOopsMode" value="Zero based"/>
    <property name="line.separator" value="&#10;"/>
    <property name="java.vm.specification.vendor" value="Oracle Corporation"/>
    <property name="java.specification.name" value="Java Platform API Specification"/>
    <property name="surefire.real.class.path" value="C:\Users\manager\AppData\Local\Temp\surefire13949854216522962763\surefirebooter5925089220533914226.jar"/>
    <property name="user.script" value=""/>
    <property name="sun.management.compiler" value="HotSpot 64-Bit Tiered Compilers"/>
    <property name="java.runtime.version" value="17.0.9+11-LTS-201"/>
    <property name="user.name" value="manager"/>
    <property name="path.separator" value=";"/>
    <property name="os.version" value="10.0"/>
    <property name="java.runtime.name" value="Java(TM) SE Runtime Environment"/>
    <property name="file.encoding" value="Cp1252"/>
    <property name="java.vm.name" value="Java HotSpot(TM) 64-Bit Server VM"/>
    <property name="localRepository" value="C:\Users\manager\.m2\repository"/>
    <property name="java.vendor.url.bug" value="https://bugreport.java.com/bugreport/"/>
    <property name="java.io.tmpdir" value="C:\Users\manager\AppData\Local\Temp\"/>
    <property name="java.version" value="17.0.9"/>
    <property name="user.dir" value="E:\aymen\fcit\Formations\Mougins\github\mougins_2024\lab-maven\my-app"/>
    <property name="os.arch" value="amd64"/>
    <property name="java.vm.specification.name" value="Java Virtual Machine Specification"/>
    <property name="sun.os.patch.level" value=""/>
    <property name="native.encoding" value="Cp1252"/>
    <property name="java.library.path" value="C:\Program Files\Java\jdk-17.0.9\bin;C:\WINDOWS\Sun\Java\bin;C:\WINDOWS\system32;C:\WINDOWS;C:\WINDOWS\system32;C:\WINDOWS;C:\WINDOWS\System32\Wbem;C:\WINDOWS\System32\WindowsPowerShell\v1.0\;C:\Program Files\Git\usr\bin\;C:\WINDOWS\System32\OpenSSH\;C:\Gradle\gradle-7.5.1\bin;C:\ProgramData\chocolatey\bin;C:\Program Files\PuTTY\;C:\Program Files\Git\cmd;C:\Program Files\nodejs\;C:\Python311;C:\Users\manager\AppData\Local\Programs\Python\Python312\Scripts;C:\Program Files\Kubernetes\Minikube;E:\aymen\apache-maven-3.9.6\bin;C:\Program Files\dotnet\;C:\Program Files\TortoiseSVN\bin;C:\Program Files (x86)\Subversion\bin;C:\Program Files\Java\jdk-17.0.9\bin;C:\Program Files\Vagrant\bin;C:\Program Files\Docker\Docker\resources\bin;E:\aymen\fcit\Formations\DevSecOpsOrchestration\talisman;E:\aymen\fcit\Formations\Terraform;C:\Program Files\MySQL\MySQL Shell 8.0\bin\;C:\Users\manager\AppData\Local\Programs\Python\Python311\Scripts\;C:\Users\manager\AppData\Local\Programs\Python\Python311\;C:\Users\manager\AppData\Local\Microsoft\WindowsApps;C:\Users\manager\AppData\Local\Programs\Microsoft VS Code\bin;C:\Users\manager\AppData\Local\Docker Labs Debug Tools\bin;C:\Users\manager\AppData\Roaming\npm;C:\Users\manager\AppData\Local\GitHubDesktop\bin;."/>
    <property name="java.vm.info" value="mixed mode, sharing"/>
    <property name="java.vendor" value="Oracle Corporation"/>
    <property name="java.vm.version" value="17.0.9+11-LTS-201"/>
    <property name="sun.io.unicode.encoding" value="UnicodeLittle"/>
    <property name="java.class.version" value="61.0"/>
  </properties>
  <testcase name="shouldAnswerWithTrue" classname="com.mycompany.app.AppTest" time="0.003"/>
</testsuite>